2025-06-03 20:34:00 | DEBUG | repo=auction | action=commit
2025-04-28 09:09:00 | INFO | repo=auction | action=test | passed=true
2025-03-25 11:56:00 | WARN | repo=auction | action=commit
2025-03-27 07:41:00 | INFO | repo=auction | action=commit
2025-12-18 20:36:00 | DEBUG | repo=auction | action=commit
2025-03-27 17:13:00 | WARN | repo=auction | action=commit
2025-05-22 08:56:00 | WARN | repo=auction | action=commit
2025-08-17 08:56:00 | WARN | repo=auction | action=commit
2025-03-10 17:14:00 | INFO | repo=auction | action=pull
2025-01-24 19:38:00 | WARN | repo=auction | action=commit
2025-10-25 17:37:00 | WARN | repo=auction | action=commit
2025-02-07 14:30:00 | WARN | repo=auction | action=commit
2025-09-14 11:31:00 | DEBUG | repo=auction | action=commit
2025-12-07 14:24:00 | WARN | repo=auction | action=pull
2025-07-20 16:32:00 | WARN | repo=auction | action=test | passed=true
2025-12-18 09:59:00 | DEBUG | repo=auction | action=commit
2025-11-04 17:31:00 | DEBUG | repo=auction | action=commit
2025-12-14 20:31:00 | WARN | repo=auction | action=commit
2025-02-13 18:57:00 | WARN | repo=auction | action=commit
2025-10-27 07:09:00 | INFO | repo=auction | action=commit
